<?xml version="1.0" encoding="UTF-8"?>
<robot generator="Robot 6.1.1 (Python 3.11.4 on win32)" generated="20231030 17:10:59.238" rpa="false" schemaversion="4">
<suite id="s1" name="Preenchimento Form Incorreto" source="c:\Users\Wise\OneDrive - WISE\Área de Trabalho\curso-robot\testes\preenchimento_form_incorreto.robot">
<test id="s1-t1" name="Verificar se quando um campo obrigatório nao for preenchido corretamente o sistem exibe uma mensagem de alerta" line="7">
<kw name="Dado que eu acesse o Organo" library="setup_teardown" type="SETUP">
<kw name="Open Browser" library="SeleniumLibrary">
<arg>url=http://localhost:3000/</arg>
<arg>browser=Chrome</arg>
<doc>Opens a new browser instance to the optional ``url``.</doc>
<msg timestamp="20231030 17:11:00.408" level="INFO">Opening browser 'Chrome' to base url 'http://localhost:3000/'.</msg>
<status status="PASS" starttime="20231030 17:11:00.407" endtime="20231030 17:11:04.378"/>
</kw>
<status status="PASS" starttime="20231030 17:11:00.406" endtime="20231030 17:11:04.378"/>
</kw>
<kw name="Dado que eu clique no botão &quot;Criar Card&quot;" library="cadastro">
<kw name="Click Element" library="SeleniumLibrary">
<arg>${BOTAO_CARD}</arg>
<doc>Click the element identified by ``locator``.</doc>
<msg timestamp="20231030 17:11:04.393" level="INFO">Clicking element 'id:form-botao'.</msg>
<status status="PASS" starttime="20231030 17:11:04.393" endtime="20231030 17:11:04.535"/>
</kw>
<kw name="Sleep" library="BuiltIn">
<arg>6s</arg>
<doc>Pauses the test executed for the given time.</doc>
<msg timestamp="20231030 17:11:10.536" level="INFO">Slept 6 seconds</msg>
<status status="PASS" starttime="20231030 17:11:04.535" endtime="20231030 17:11:10.536"/>
</kw>
<status status="PASS" starttime="20231030 17:11:04.393" endtime="20231030 17:11:10.536"/>
</kw>
<kw name="Então o sistema deve apresentar mensagem de &quot;campo obrigatório&quot;" library="cadastro">
<kw name="Element Should Be Visible" library="SeleniumLibrary">
<arg>id:form-nome-erro</arg>
<doc>Verifies that the element identified by ``locator`` is visible.</doc>
<msg timestamp="20231030 17:11:10.610" level="INFO">Element 'id:form-nome-erro' is displayed.</msg>
<status status="PASS" starttime="20231030 17:11:10.538" endtime="20231030 17:11:10.610"/>
</kw>
<kw name="Element Should Be Visible" library="SeleniumLibrary">
<arg>id:form-cargo-erro</arg>
<doc>Verifies that the element identified by ``locator`` is visible.</doc>
<msg timestamp="20231030 17:11:10.641" level="INFO">Element 'id:form-cargo-erro' is displayed.</msg>
<status status="PASS" starttime="20231030 17:11:10.610" endtime="20231030 17:11:10.641"/>
</kw>
<kw name="Element Should Be Visible" library="SeleniumLibrary">
<arg>id:form-times-erro</arg>
<doc>Verifies that the element identified by ``locator`` is visible.</doc>
<msg timestamp="20231030 17:11:10.672" level="INFO">Element 'id:form-times-erro' is displayed.</msg>
<status status="PASS" starttime="20231030 17:11:10.641" endtime="20231030 17:11:10.672"/>
</kw>
<status status="PASS" starttime="20231030 17:11:10.538" endtime="20231030 17:11:10.672"/>
</kw>
<kw name="Fechar o navegador" library="setup_teardown" type="TEARDOWN">
<kw name="Close Browser" library="SeleniumLibrary">
<doc>Closes the current browser.</doc>
<status status="PASS" starttime="20231030 17:11:10.672" endtime="20231030 17:11:12.978"/>
</kw>
<status status="PASS" starttime="20231030 17:11:10.672" endtime="20231030 17:11:12.978"/>
</kw>
<status status="PASS" starttime="20231030 17:11:00.390" endtime="20231030 17:11:12.978"/>
</test>
<status status="PASS" starttime="20231030 17:10:59.281" endtime="20231030 17:11:12.978"/>
</suite>
<statistics>
<total>
<stat pass="1" fail="0" skip="0">All Tests</stat>
</total>
<tag>
</tag>
<suite>
<stat pass="1" fail="0" skip="0" id="s1" name="Preenchimento Form Incorreto">Preenchimento Form Incorreto</stat>
</suite>
</statistics>
<errors>
</errors>
</robot>
